Arguments: 
  /Users/voxelot/.nvm/versions/node/v8.4.0/bin/node /Users/voxelot/.nvm/versions/node/v8.4.0/bin/yarn add web3-latest

PATH: 
  /Users/voxelot/.nvm/versions/node/v8.4.0/bin:/Library/Frameworks/Python.framework/Versions/3.5/bin:/Library/Frameworks/Python.framework/Versions/3.5/bin:/usr/local/bin:/usr/bin:/bin:/usr/sbin:/sbin:/usr/local/go/bin:/usr/local/sbin

Yarn version: 
  1.5.1

Node version: 
  8.4.0

Platform: 
  darwin x64

npm manifest: 
  {
    "name": "js-layer2lib",
    "version": "0.0.1",
    "description": "An ethereum layer 2 scalability js library",
    "main": "src/index.js",
    "types": "./src/index.d.ts",
    "scripts": {
      "postinstall": "npm run contracts",
      "contracts": "cd contracts && npm i",
      "test": "node test/layer2libTest.js",
      "testvc": "node test/layer2libVCTest.js",
      "test-random": "node test/randomTest.js"
    },
    "repository": {
      "type": "git",
      "url": "git+https://github.com/finalitylabs/js-layer2lib.git"
    },
    "author": "nathan@finalitylabs.io",
    "license": "ISC",
    "bugs": {
      "url": "https://github.com/layer2lib/js-layer2lib/issues"
    },
    "homepage": "https://github.com/layer2lib/js-layer2lib#readme",
    "dependencies": {
      "bignumber.js": "^7.1.0",
      "bluebird": "^3.5.1",
      "buffer": "^5.0.7",
      "crypto-js": "^3.1.9-1",
      "ethereumjs-tx": "^1.3.4",
      "ethereumjs-util": "^5.1.5",
      "mongodb": "^3.1.0-beta4",
      "web3": "^0.20.1",
      "web3-latest": "npm:web3",
      "yarn": "^1.7.0"
    },
    "devDependencies": {
      "fakeredis": "^2.0.0",
      "redis": "^2.8.0"
    }
  }

yarn manifest: 
  No manifest

Lockfile: 
  No lockfile

Trace: 
  Error: Couldn't find package "web3-latest" on the "npm" registry.
      at new MessageError (/Users/voxelot/.nvm/versions/node/v8.4.0/lib/node_modules/yarn/lib/cli.js:186:110)
      at NpmResolver.<anonymous> (/Users/voxelot/.nvm/versions/node/v8.4.0/lib/node_modules/yarn/lib/cli.js:51625:15)
      at Generator.next (<anonymous>)
      at step (/Users/voxelot/.nvm/versions/node/v8.4.0/lib/node_modules/yarn/lib/cli.js:98:30)
      at /Users/voxelot/.nvm/versions/node/v8.4.0/lib/node_modules/yarn/lib/cli.js:109:13
      at <anonymous>
      at process._tickCallback (internal/process/next_tick.js:188:7)
